<?xml version="1.0" encoding="UTF-8"?>
<!-- Generated by org.testng.reporters.JUnitXMLReporter -->
<testsuite ignored="0" hostname="DESKTOP-I2GOEGO" failures="0" tests="12" name="Test1" time="226.302" errors="0" timestamp="2025-01-22T19:50:03 IST">
  <testcase classname="testcases.TC_001_Signup" name="setSignup" time="25.858"/>
  <testcase classname="testcases.TC_001_Signup" name="checkSignup" time="13.841"/>
  <testcase classname="testcases.TC_001_Signup" name="checkSignup" time="12.988"/>
  <testcase classname="testcases.TC_001_Signup" name="checkSignup" time="12.957"/>
  <testcase classname="testcases.TC_001_Signup" name="checkSignup" time="12.663"/>
  <testcase classname="testcases.TC_001_Signup" name="checkSignup" time="12.959"/>
  <testcase classname="testcases.TC_001_Signup" name="checkSignup" time="12.865"/>
  <testcase classname="testcases.TC_001_Signup" name="checkSignup" time="12.889"/>
  <testcase classname="testcases.TC_001_Signup" name="checkSignup" time="12.689"/>
  <testcase classname="testcases.TC_001_Signup" name="checkSignup" time="13.479"/>
  <testcase classname="testcases.TC_001_Signup" name="checkSignup" time="12.662"/>
  <testcase classname="testcases.TC_001_Signup" name="checkSignup" time="14.577"/>
</testsuite> <!-- Test1 -->
