<?xml version="1.0" encoding="UTF-8"?>
<testsuite xmlns:xsi="http://www.w3.org/2001/XMLSchema-instance" xsi:noNamespaceSchemaLocation="https://maven.apache.org/surefire/maven-surefire-plugin/xsd/surefire-test-report.xsd" version="3.0.2" name="TestSuite" time="235.398" tests="12" errors="0" skipped="0" failures="0">
  <properties>
[...]
</properties>
  <testcase name="setSignup" classname="testcases.TC_001_Signup" time="26.01">
    <system-out><![CDATA[2025-01-22T14:16:11.186493700Z main DEBUG Apache Log4j Core 2.24 initializing configuration XmlConfiguration[location=C:\Users\keert\eclipse-workspace\Target\target\classes\log4j2.xml, lastModified=2025-01-15T11:06:47.576Z]
2025-01-22T14:16:11.193490700Z main WARN The use of package scanning to locate Log4j plugins is deprecated.
Please remove the `packages` attribute from your configuration file.
See https://logging.apache.org/log4j/2.x/faq.html#package-scanning for details.
2025-01-22T14:16:11.230488700Z main DEBUG Took 0.010067 seconds to load 0 plugins from package org.apache.logging.log4j.test
2025-01-22T14:16:11.230488700Z main DEBUG PluginManager 'Core' found 131 plugins
2025-01-22T14:16:11.231482600Z main DEBUG PluginManager 'Level' found 0 plugins
2025-01-22T14:16:11.269486100Z main DEBUG Building Plugin[name=Property, class=org.apache.logging.log4j.core.config.Property].
2025-01-22T14:16:11.360483Z main DEBUG PluginManager 'TypeConverter' found 26 plugins
2025-01-22T14:16:11.403496600Z main DEBUG createProperty(name="filename", value="./logs", Configuration(RoutingTest))
2025-01-22T14:16:11.409487400Z main DEBUG Building Plugin[name=Properties, class=org.apache.logging.log4j.core.config.PropertiesPlugin].
2025-01-22T14:16:11.417482Z main DEBUG configureSubstitutor(={filename=./logs}, Configuration(RoutingTest))
2025-01-22T14:16:11.421491200Z main DEBUG PluginManager 'Lookup' found 16 plugins
2025-01-22T14:16:11.422490800Z main DEBUG Building Plugin[name=layout, class=org.apache.logging.log4j.core.layout.PatternLayout].
2025-01-22T14:16:11.456492300Z main DEBUG PatternLayout$Builder(pattern="%d{hh:mm:ss.SSS} [%t] %-5level %logger{36} - %msg%n", PatternSelector=null, Configuration(RoutingTest), Replace=null, charset="null", alwaysWriteExceptions="null", disableAnsi="null", noConsoleNoAnsi="null", header="null", footer="null")
2025-01-22T14:16:11.457496100Z main DEBUG PluginManager 'Converter' found 45 plugins
2025-01-22T14:16:11.472488700Z main DEBUG Building Plugin[name=appender, class=org.apache.logging.log4j.core.appender.ConsoleAppender].
2025-01-22T14:16:11.538492600Z main DEBUG ConsoleAppender$Builder(target="SYSTEM_OUT", follow="null", direct="null", bufferedIo="null", bufferSize="null", immediateFlush="null", ignoreExceptions="null", PatternLayout(%d{hh:mm:ss.SSS} [%t] %-5level %logger{36} - %msg%n), name="STDOUT", Configuration(RoutingTest), Filter=null, ={})
2025-01-22T14:16:11.550487700Z main DEBUG Starting OutputStreamManager SYSTEM_OUT.false.false
2025-01-22T14:16:11.552492700Z main DEBUG Building Plugin[name=layout, class=org.apache.logging.log4j.core.layout.PatternLayout].
2025-01-22T14:16:11.555495500Z main DEBUG PatternLayout$Builder(pattern="%d{HH:mm:ss.SSS} [%t] %-5level %logger{36} - %msg%n", PatternSelector=null, Configuration(RoutingTest), Replace=null, charset="null", alwaysWriteExceptions="null", disableAnsi="null", noConsoleNoAnsi="null", header="null", footer="null")
2025-01-22T14:16:11.563489Z main DEBUG Building Plugin[name=SizeBasedTriggeringPolicy, class=org.apache.logging.log4j.core.appender.rolling.SizeBasedTriggeringPolicy].
2025-01-22T14:16:11.573484700Z main DEBUG createPolicy(size="5000")
2025-01-22T14:16:11.586481400Z main DEBUG Building Plugin[name=appender, class=org.apache.logging.log4j.core.appender.RollingFileAppender].
2025-01-22T14:16:11.602492200Z main DEBUG RollingFileAppender$Builder(fileName="./logs/automation.log", filePattern="./logs/automation-%d{yyyy-MM-dd}.log", append="null", locking="null", SizeBasedTriggeringPolicy(SizeBasedTriggeringPolicy(size=5000)), Strategy=null, advertise="null", advertiseUri="null", createOnDemand="null", filePermissions="null", fileOwner="null", fileGroup="null", bufferedIo="null", bufferSize="null", immediateFlush="null", ignoreExceptions="null", PatternLayout(%d{HH:mm:ss.SSS} [%t] %-5level %logger{36} - %msg%n), name="Rolling-${sd:type}", Configuration(RoutingTest), Filter=null, ={})
2025-01-22T14:16:11.638493Z main DEBUG Returning file creation time for C:\Users\keert\eclipse-workspace\Target\.\logs\automation.log
2025-01-22T14:16:11.639492400Z main DEBUG Starting RollingFileManager ./logs/automation.log
2025-01-22T14:16:11.645490700Z main DEBUG PluginManager 'FileConverter' found 2 plugins
2025-01-22T14:16:11.688482200Z main DEBUG Setting prev file time to 2025-01-15T16:23:06.764+0530
2025-01-22T14:16:11.689480700Z main DEBUG Initializing triggering policy SizeBasedTriggeringPolicy(size=5000)
2025-01-22T14:16:11.689480700Z main DEBUG Building Plugin[name=Appenders, class=org.apache.logging.log4j.core.config.AppendersPlugin].
2025-01-22T14:16:11.691480600Z main DEBUG createAppenders(={STDOUT, Rolling-${sd:type}})
2025-01-22T14:16:11.694494800Z main DEBUG Building Plugin[name=AppenderRef, class=org.apache.logging.log4j.core.config.AppenderRef].
2025-01-22T14:16:11.698493300Z main DEBUG createAppenderRef(ref="STDOUT", level="null", Filter=null)
2025-01-22T14:16:11.705493800Z main DEBUG Building Plugin[name=Root, class=org.apache.logging.log4j.core.config.LoggerConfig$RootLogger].
2025-01-22T14:16:11.723493900Z main DEBUG LoggerConfig$RootLogger$Builder(additivity="null", level="DEBUG", levelAndRefs="null", includeLocation="null", ={STDOUT}, ={}, Configuration(RoutingTest), Filter=null)
2025-01-22T14:16:11.733491200Z main DEBUG Building Plugin[name=Loggers, class=org.apache.logging.log4j.core.config.LoggersPlugin].
2025-01-22T14:16:11.735490600Z main DEBUG createLoggers(={root})
2025-01-22T14:16:11.736489800Z main DEBUG Configuration XmlConfiguration[location=C:\Users\keert\eclipse-workspace\Target\target\classes\log4j2.xml, lastModified=2025-01-15T11:06:47.576Z] initialized
2025-01-22T14:16:11.737487600Z main INFO Starting configuration XmlConfiguration[location=C:\Users\keert\eclipse-workspace\Target\target\classes\log4j2.xml, lastModified=2025-01-15T11:06:47.576Z]...
2025-01-22T14:16:11.738496800Z main INFO Start watching for changes to C:\Users\keert\eclipse-workspace\Target\target\classes\log4j2.xml every 0 seconds
2025-01-22T14:16:11.738496800Z main INFO Configuration XmlConfiguration[location=C:\Users\keert\eclipse-workspace\Target\target\classes\log4j2.xml, lastModified=2025-01-15T11:06:47.576Z] started.
2025-01-22T14:16:11.753492Z main INFO Stopping configuration org.apache.logging.log4j.core.config.DefaultConfiguration@48e4374...
2025-01-22T14:16:11.754491600Z main DEBUG Shutting down OutputStreamManager SYSTEM_OUT.false.false-1
2025-01-22T14:16:11.755495600Z main DEBUG OutputStream closed
2025-01-22T14:16:11.755495600Z main DEBUG Shut down OutputStreamManager SYSTEM_OUT.false.false-1, all resources released: true
2025-01-22T14:16:11.756493Z main DEBUG Appender DefaultConsole-1 stopped with status true
2025-01-22T14:16:11.756493Z main INFO Configuration org.apache.logging.log4j.core.config.DefaultConfiguration@48e4374 stopped.
2025-01-22T14:16:11.769495200Z main DEBUG org.apache.logging.log4j.core.util.SystemClock supports precise timestamps.
2025-01-22T14:16:11.770493400Z main DEBUG Reconfiguration complete for context[name=c387f44] at URI C:\Users\keert\eclipse-workspace\Target\target\classes\log4j2.xml (org.apache.logging.log4j.core.LoggerContext@6c1a5b54) with optional ClassLoader: null
2025-01-22T14:16:11.771483400Z main DEBUG Shutdown hook enabled. Registering a new one.
2025-01-22T14:16:11.782493300Z main DEBUG LoggerContext[name=c387f44, org.apache.logging.log4j.core.LoggerContext@6c1a5b54] started OK.
07:46:12.023 [main] DEBUG org.testng.TestNG - suiteXmlPath: "C:\Users\keert\eclipse-workspace\Target\testngMaster.xml"
07:46:59.543 [main] INFO  testcases.TC_001_Signup - Target : Expect More. Pay Less.
07:47:00.885 [main] INFO  pageobjects.Home_Page - after hompage constructor
07:47:00.899 [main] INFO  pageobjects.Login_Page - after loginpage constructor
]]></system-out>
    <system-err><![CDATA[Jan 22, 2025 7:46:24 PM org.openqa.selenium.devtools.CdpVersionFinder findNearestMatch
WARNING: Unable to find an exact match for CDP version 132, returning the closest version; found: 131; Please update to a Selenium version that supports CDP version 132
]]></system-err>
  </testcase>
  <testcase name="checkSignup[yuki_whobrey@aol.com, y107119f5y, Yuki](1)" classname="testcases.TC_001_Signup" time="13.457">
    <system-out><![CDATA[07:47:28.578 [main] DEBUG org.apache.poi.openxml4j.opc.PackageRelationshipCollection - Parsing relationship: /xl/_rels/workbook.xml.rels
07:47:28.591 [main] DEBUG org.apache.poi.openxml4j.opc.PackageRelationshipCollection - Parsing relationship: /xl/worksheets/_rels/sheet1.xml.rels
07:47:28.602 [main] DEBUG org.apache.poi.openxml4j.opc.PackageRelationshipCollection - Parsing relationship: /_rels/.rels
07:47:31.138 [main] DEBUG org.apache.poi.openxml4j.opc.PackageRelationshipCollection - Parsing relationship: /xl/_rels/workbook.xml.rels
07:47:31.141 [main] DEBUG org.apache.poi.openxml4j.opc.PackageRelationshipCollection - Parsing relationship: /xl/worksheets/_rels/sheet1.xml.rels
07:47:31.143 [main] DEBUG org.apache.poi.openxml4j.opc.PackageRelationshipCollection - Parsing relationship: /_rels/.rels
07:47:31.279 [main] DEBUG org.apache.poi.openxml4j.opc.PackageRelationshipCollection - Parsing relationship: /xl/_rels/workbook.xml.rels
07:47:31.289 [main] DEBUG org.apache.poi.openxml4j.opc.PackageRelationshipCollection - Parsing relationship: /xl/worksheets/_rels/sheet1.xml.rels
07:47:31.291 [main] DEBUG org.apache.poi.openxml4j.opc.PackageRelationshipCollection - Parsing relationship: /_rels/.rels
07:47:31.456 [main] DEBUG org.apache.poi.openxml4j.opc.PackageRelationshipCollection - Parsing relationship: /xl/_rels/workbook.xml.rels
07:47:31.459 [main] DEBUG org.apache.poi.openxml4j.opc.PackageRelationshipCollection - Parsing relationship: /xl/worksheets/_rels/sheet1.xml.rels
07:47:31.465 [main] DEBUG org.apache.poi.openxml4j.opc.PackageRelationshipCollection - Parsing relationship: /_rels/.rels
07:47:31.594 [main] DEBUG org.apache.poi.openxml4j.opc.PackageRelationshipCollection - Parsing relationship: /xl/_rels/workbook.xml.rels
07:47:31.599 [main] DEBUG org.apache.poi.openxml4j.opc.PackageRelationshipCollection - Parsing relationship: /xl/worksheets/_rels/sheet1.xml.rels
07:47:31.609 [main] DEBUG org.apache.poi.openxml4j.opc.PackageRelationshipCollection - Parsing relationship: /_rels/.rels
07:47:31.733 [main] DEBUG org.apache.poi.openxml4j.opc.PackageRelationshipCollection - Parsing relationship: /xl/_rels/workbook.xml.rels
07:47:31.738 [main] DEBUG org.apache.poi.openxml4j.opc.PackageRelationshipCollection - Parsing relationship: /xl/worksheets/_rels/sheet1.xml.rels
07:47:31.740 [main] DEBUG org.apache.poi.openxml4j.opc.PackageRelationshipCollection - Parsing relationship: /_rels/.rels
07:47:31.865 [main] DEBUG org.apache.poi.openxml4j.opc.PackageRelationshipCollection - Parsing relationship: /xl/_rels/workbook.xml.rels
07:47:31.867 [main] DEBUG org.apache.poi.openxml4j.opc.PackageRelationshipCollection - Parsing relationship: /xl/worksheets/_rels/sheet1.xml.rels
07:47:31.870 [main] DEBUG org.apache.poi.openxml4j.opc.PackageRelationshipCollection - Parsing relationship: /_rels/.rels
07:47:31.977 [main] DEBUG org.apache.poi.openxml4j.opc.PackageRelationshipCollection - Parsing relationship: /xl/_rels/workbook.xml.rels
07:47:31.983 [main] DEBUG org.apache.poi.openxml4j.opc.PackageRelationshipCollection - Parsing relationship: /xl/worksheets/_rels/sheet1.xml.rels
07:47:31.987 [main] DEBUG org.apache.poi.openxml4j.opc.PackageRelationshipCollection - Parsing relationship: /_rels/.rels
07:47:32.106 [main] DEBUG org.apache.poi.openxml4j.opc.PackageRelationshipCollection - Parsing relationship: /xl/_rels/workbook.xml.rels
07:47:32.110 [main] DEBUG org.apache.poi.openxml4j.opc.PackageRelationshipCollection - Parsing relationship: /xl/worksheets/_rels/sheet1.xml.rels
07:47:32.119 [main] DEBUG org.apache.poi.openxml4j.opc.PackageRelationshipCollection - Parsing relationship: /_rels/.rels
07:47:32.236 [main] DEBUG org.apache.poi.openxml4j.opc.PackageRelationshipCollection - Parsing relationship: /xl/_rels/workbook.xml.rels
07:47:32.238 [main] DEBUG org.apache.poi.openxml4j.opc.PackageRelationshipCollection - Parsing relationship: /xl/worksheets/_rels/sheet1.xml.rels
07:47:32.240 [main] DEBUG org.apache.poi.openxml4j.opc.PackageRelationshipCollection - Parsing relationship: /_rels/.rels
07:47:32.369 [main] DEBUG org.apache.poi.openxml4j.opc.PackageRelationshipCollection - Parsing relationship: /xl/_rels/workbook.xml.rels
07:47:32.372 [main] DEBUG org.apache.poi.openxml4j.opc.PackageRelationshipCollection - Parsing relationship: /xl/worksheets/_rels/sheet1.xml.rels
07:47:32.374 [main] DEBUG org.apache.poi.openxml4j.opc.PackageRelationshipCollection - Parsing relationship: /_rels/.rels
07:47:32.490 [main] DEBUG org.apache.poi.openxml4j.opc.PackageRelationshipCollection - Parsing relationship: /xl/_rels/workbook.xml.rels
07:47:32.492 [main] DEBUG org.apache.poi.openxml4j.opc.PackageRelationshipCollection - Parsing relationship: /xl/worksheets/_rels/sheet1.xml.rels
07:47:32.493 [main] DEBUG org.apache.poi.openxml4j.opc.PackageRelationshipCollection - Parsing relationship: /_rels/.rels
07:47:32.592 [main] DEBUG org.apache.poi.openxml4j.opc.PackageRelationshipCollection - Parsing relationship: /xl/_rels/workbook.xml.rels
07:47:32.594 [main] DEBUG org.apache.poi.openxml4j.opc.PackageRelationshipCollection - Parsing relationship: /xl/worksheets/_rels/sheet1.xml.rels
07:47:32.597 [main] DEBUG org.apache.poi.openxml4j.opc.PackageRelationshipCollection - Parsing relationship: /_rels/.rels
07:47:32.697 [main] DEBUG org.apache.poi.openxml4j.opc.PackageRelationshipCollection - Parsing relationship: /xl/_rels/workbook.xml.rels
07:47:32.699 [main] DEBUG org.apache.poi.openxml4j.opc.PackageRelationshipCollection - Parsing relationship: /xl/worksheets/_rels/sheet1.xml.rels
07:47:32.704 [main] DEBUG org.apache.poi.openxml4j.opc.PackageRelationshipCollection - Parsing relationship: /_rels/.rels
07:47:32.766 [main] DEBUG org.apache.poi.openxml4j.opc.PackageRelationshipCollection - Parsing relationship: /xl/_rels/workbook.xml.rels
07:47:32.774 [main] DEBUG org.apache.poi.openxml4j.opc.PackageRelationshipCollection - Parsing relationship: /xl/worksheets/_rels/sheet1.xml.rels
07:47:32.776 [main] DEBUG org.apache.poi.openxml4j.opc.PackageRelationshipCollection - Parsing relationship: /_rels/.rels
07:47:32.863 [main] DEBUG org.apache.poi.openxml4j.opc.PackageRelationshipCollection - Parsing relationship: /xl/_rels/workbook.xml.rels
07:47:32.868 [main] DEBUG org.apache.poi.openxml4j.opc.PackageRelationshipCollection - Parsing relationship: /xl/worksheets/_rels/sheet1.xml.rels
07:47:32.870 [main] DEBUG org.apache.poi.openxml4j.opc.PackageRelationshipCollection - Parsing relationship: /_rels/.rels
07:47:32.922 [main] DEBUG org.apache.poi.openxml4j.opc.PackageRelationshipCollection - Parsing relationship: /xl/_rels/workbook.xml.rels
07:47:32.924 [main] DEBUG org.apache.poi.openxml4j.opc.PackageRelationshipCollection - Parsing relationship: /xl/worksheets/_rels/sheet1.xml.rels
07:47:32.925 [main] DEBUG org.apache.poi.openxml4j.opc.PackageRelationshipCollection - Parsing relationship: /_rels/.rels
07:47:32.997 [main] DEBUG org.apache.poi.openxml4j.opc.PackageRelationshipCollection - Parsing relationship: /xl/_rels/workbook.xml.rels
07:47:32.999 [main] DEBUG org.apache.poi.openxml4j.opc.PackageRelationshipCollection - Parsing relationship: /xl/worksheets/_rels/sheet1.xml.rels
07:47:33.002 [main] DEBUG org.apache.poi.openxml4j.opc.PackageRelationshipCollection - Parsing relationship: /_rels/.rels
07:47:33.050 [main] DEBUG org.apache.poi.openxml4j.opc.PackageRelationshipCollection - Parsing relationship: /xl/_rels/workbook.xml.rels
07:47:33.052 [main] DEBUG org.apache.poi.openxml4j.opc.PackageRelationshipCollection - Parsing relationship: /xl/worksheets/_rels/sheet1.xml.rels
07:47:33.054 [main] DEBUG org.apache.poi.openxml4j.opc.PackageRelationshipCollection - Parsing relationship: /_rels/.rels
07:47:33.135 [main] DEBUG org.apache.poi.openxml4j.opc.PackageRelationshipCollection - Parsing relationship: /xl/_rels/workbook.xml.rels
07:47:33.141 [main] DEBUG org.apache.poi.openxml4j.opc.PackageRelationshipCollection - Parsing relationship: /xl/worksheets/_rels/sheet1.xml.rels
07:47:33.148 [main] DEBUG org.apache.poi.openxml4j.opc.PackageRelationshipCollection - Parsing relationship: /_rels/.rels
07:47:33.230 [main] DEBUG org.apache.poi.openxml4j.opc.PackageRelationshipCollection - Parsing relationship: /xl/_rels/workbook.xml.rels
07:47:33.232 [main] DEBUG org.apache.poi.openxml4j.opc.PackageRelationshipCollection - Parsing relationship: /xl/worksheets/_rels/sheet1.xml.rels
07:47:33.233 [main] DEBUG org.apache.poi.openxml4j.opc.PackageRelationshipCollection - Parsing relationship: /_rels/.rels
07:47:33.329 [main] DEBUG org.apache.poi.openxml4j.opc.PackageRelationshipCollection - Parsing relationship: /xl/_rels/workbook.xml.rels
07:47:33.331 [main] DEBUG org.apache.poi.openxml4j.opc.PackageRelationshipCollection - Parsing relationship: /xl/worksheets/_rels/sheet1.xml.rels
07:47:33.333 [main] DEBUG org.apache.poi.openxml4j.opc.PackageRelationshipCollection - Parsing relationship: /_rels/.rels
07:47:33.389 [main] DEBUG org.apache.poi.openxml4j.opc.PackageRelationshipCollection - Parsing relationship: /xl/_rels/workbook.xml.rels
07:47:33.407 [main] DEBUG org.apache.poi.openxml4j.opc.PackageRelationshipCollection - Parsing relationship: /xl/worksheets/_rels/sheet1.xml.rels
07:47:33.409 [main] DEBUG org.apache.poi.openxml4j.opc.PackageRelationshipCollection - Parsing relationship: /_rels/.rels
07:47:33.669 [main] DEBUG org.apache.poi.openxml4j.opc.PackageRelationshipCollection - Parsing relationship: /xl/_rels/workbook.xml.rels
07:47:33.682 [main] DEBUG org.apache.poi.openxml4j.opc.PackageRelationshipCollection - Parsing relationship: /xl/worksheets/_rels/sheet1.xml.rels
07:47:33.685 [main] DEBUG org.apache.poi.openxml4j.opc.PackageRelationshipCollection - Parsing relationship: /_rels/.rels
07:47:33.867 [main] DEBUG org.apache.poi.openxml4j.opc.PackageRelationshipCollection - Parsing relationship: /xl/_rels/workbook.xml.rels
07:47:33.872 [main] DEBUG org.apache.poi.openxml4j.opc.PackageRelationshipCollection - Parsing relationship: /xl/worksheets/_rels/sheet1.xml.rels
07:47:33.873 [main] DEBUG org.apache.poi.openxml4j.opc.PackageRelationshipCollection - Parsing relationship: /_rels/.rels
07:47:33.936 [main] DEBUG org.apache.poi.openxml4j.opc.PackageRelationshipCollection - Parsing relationship: /xl/_rels/workbook.xml.rels
07:47:33.979 [main] DEBUG org.apache.poi.openxml4j.opc.PackageRelationshipCollection - Parsing relationship: /xl/worksheets/_rels/sheet1.xml.rels
07:47:34.010 [main] DEBUG org.apache.poi.openxml4j.opc.PackageRelationshipCollection - Parsing relationship: /_rels/.rels
07:47:34.106 [main] DEBUG org.apache.poi.openxml4j.opc.PackageRelationshipCollection - Parsing relationship: /xl/_rels/workbook.xml.rels
07:47:34.113 [main] DEBUG org.apache.poi.openxml4j.opc.PackageRelationshipCollection - Parsing relationship: /xl/worksheets/_rels/sheet1.xml.rels
07:47:34.117 [main] DEBUG org.apache.poi.openxml4j.opc.PackageRelationshipCollection - Parsing relationship: /_rels/.rels
07:47:34.168 [main] DEBUG org.apache.poi.openxml4j.opc.PackageRelationshipCollection - Parsing relationship: /xl/_rels/workbook.xml.rels
07:47:34.171 [main] DEBUG org.apache.poi.openxml4j.opc.PackageRelationshipCollection - Parsing relationship: /xl/worksheets/_rels/sheet1.xml.rels
07:47:34.172 [main] DEBUG org.apache.poi.openxml4j.opc.PackageRelationshipCollection - Parsing relationship: /_rels/.rels
07:47:34.225 [main] DEBUG org.apache.poi.openxml4j.opc.PackageRelationshipCollection - Parsing relationship: /xl/_rels/workbook.xml.rels
07:47:34.228 [main] DEBUG org.apache.poi.openxml4j.opc.PackageRelationshipCollection - Parsing relationship: /xl/worksheets/_rels/sheet1.xml.rels
07:47:34.230 [main] DEBUG org.apache.poi.openxml4j.opc.PackageRelationshipCollection - Parsing relationship: /_rels/.rels
07:47:34.282 [main] DEBUG org.apache.poi.openxml4j.opc.PackageRelationshipCollection - Parsing relationship: /xl/_rels/workbook.xml.rels
07:47:34.284 [main] DEBUG org.apache.poi.openxml4j.opc.PackageRelationshipCollection - Parsing relationship: /xl/worksheets/_rels/sheet1.xml.rels
07:47:34.285 [main] DEBUG org.apache.poi.openxml4j.opc.PackageRelationshipCollection - Parsing relationship: /_rels/.rels
07:47:34.330 [main] DEBUG org.apache.poi.openxml4j.opc.PackageRelationshipCollection - Parsing relationship: /xl/_rels/workbook.xml.rels
07:47:34.331 [main] DEBUG org.apache.poi.openxml4j.opc.PackageRelationshipCollection - Parsing relationship: /xl/worksheets/_rels/sheet1.xml.rels
07:47:34.335 [main] DEBUG org.apache.poi.openxml4j.opc.PackageRelationshipCollection - Parsing relationship: /_rels/.rels
07:47:34.414 [main] DEBUG org.apache.poi.openxml4j.opc.PackageRelationshipCollection - Parsing relationship: /xl/_rels/workbook.xml.rels
07:47:34.417 [main] DEBUG org.apache.poi.openxml4j.opc.PackageRelationshipCollection - Parsing relationship: /xl/worksheets/_rels/sheet1.xml.rels
07:47:34.418 [main] DEBUG org.apache.poi.openxml4j.opc.PackageRelationshipCollection - Parsing relationship: /_rels/.rels
07:47:34.479 [main] DEBUG org.apache.poi.openxml4j.opc.PackageRelationshipCollection - Parsing relationship: /xl/_rels/workbook.xml.rels
07:47:34.481 [main] DEBUG org.apache.poi.openxml4j.opc.PackageRelationshipCollection - Parsing relationship: /xl/worksheets/_rels/sheet1.xml.rels
07:47:34.482 [main] DEBUG org.apache.poi.openxml4j.opc.PackageRelationshipCollection - Parsing relationship: /_rels/.rels
07:47:34.549 [main] DEBUG org.apache.poi.openxml4j.opc.PackageRelationshipCollection - Parsing relationship: /xl/_rels/workbook.xml.rels
07:47:34.550 [main] DEBUG org.apache.poi.openxml4j.opc.PackageRelationshipCollection - Parsing relationship: /xl/worksheets/_rels/sheet1.xml.rels
07:47:34.565 [main] DEBUG org.apache.poi.openxml4j.opc.PackageRelationshipCollection - Parsing relationship: /_rels/.rels
07:47:34.633 [main] DEBUG org.apache.poi.openxml4j.opc.PackageRelationshipCollection - Parsing relationship: /xl/_rels/workbook.xml.rels
07:47:34.634 [main] DEBUG org.apache.poi.openxml4j.opc.PackageRelationshipCollection - Parsing relationship: /xl/worksheets/_rels/sheet1.xml.rels
07:47:34.636 [main] DEBUG org.apache.poi.openxml4j.opc.PackageRelationshipCollection - Parsing relationship: /_rels/.rels
07:47:34.710 [main] INFO  testcases.TC_001_Signup - Execution starts...yuki_whobrey@aol.com
]]></system-out>
  </testcase>
  <testcase name="checkSignup[fletcher.flosi@yahoo.com, d122102h7d, Fletcher](2)" classname="testcases.TC_001_Signup" time="12.991">
    <system-out><![CDATA[07:47:48.548 [main] INFO  testcases.TC_001_Signup - Execution starts...fletcher.flosi@yahoo.com
]]></system-out>
  </testcase>
  <testcase name="checkSignup[bette_nicka@cox.net, g28943b1g, Bette](3)" classname="testcases.TC_001_Signup" time="12.958">
    <system-out><![CDATA[07:48:01.545 [main] INFO  testcases.TC_001_Signup - Execution starts...bette_nicka@cox.net
]]></system-out>
  </testcase>
  <testcase name="checkSignup[vinouye@aol.com, x42067c2x, Veronika](4)" classname="testcases.TC_001_Signup" time="12.67">
    <system-out><![CDATA[07:48:14.507 [main] INFO  testcases.TC_001_Signup - Execution starts...vinouye@aol.com
]]></system-out>
  </testcase>
  <testcase name="checkSignup[willard@hotmail.com, f03823e4f, Willard](5)" classname="testcases.TC_001_Signup" time="12.96">
    <system-out><![CDATA[07:48:27.182 [main] INFO  testcases.TC_001_Signup - Execution starts...willard@hotmail.com
]]></system-out>
  </testcase>
  <testcase name="checkSignup[mroyster@royster.com, d509106i8d, Maryann](6)" classname="testcases.TC_001_Signup" time="12.867">
    <system-out><![CDATA[07:48:40.146 [main] INFO  testcases.TC_001_Signup - Execution starts...mroyster@royster.com
]]></system-out>
  </testcase>
  <testcase name="checkSignup[alisha@slusarski.com, n22728h7n, Alisha](7)" classname="testcases.TC_001_Signup" time="12.89">
    <system-out><![CDATA[07:48:53.016 [main] INFO  testcases.TC_001_Signup - Execution starts...alisha@slusarski.com
]]></system-out>
  </testcase>
  <testcase name="checkSignup[allene_iturbide@cox.net, g240102d3g, Allene](8)" classname="testcases.TC_001_Signup" time="12.69">
    <system-out><![CDATA[07:49:05.912 [main] INFO  testcases.TC_001_Signup - Execution starts...allene_iturbide@cox.net
]]></system-out>
  </testcase>
  <testcase name="checkSignup[chanel.caudy@caudy.org, r24678h7r, Chanel](9)" classname="testcases.TC_001_Signup" time="13.48">
    <system-out><![CDATA[07:49:18.606 [main] INFO  testcases.TC_001_Signup - Execution starts...chanel.caudy@caudy.org
]]></system-out>
  </testcase>
  <testcase name="checkSignup[ezekiel@chui.com, Rto#!9990, Ezekiel](10)" classname="testcases.TC_001_Signup" time="12.68">
    <system-out><![CDATA[07:49:32.088 [main] INFO  testcases.TC_001_Signup - Execution starts...ezekiel@chui.com
]]></system-out>
  </testcase>
  <testcase name="checkSignup[wkusko@yahoo.com, xYt29010g, Willow](11)" classname="testcases.TC_001_Signup" time="14.576">
    <system-out><![CDATA[07:49:44.779 [main] INFO  testcases.TC_001_Signup - Execution starts...wkusko@yahoo.com
]]></system-out>
  </testcase>
</testsuite>